
-----
Test: tests/test_todo_api.py::Test_create_task::test_create_new_task (call)
Time: 2023-12-28 16:25:52.919156
Request method: POST
Request URL: https://todo-app-sky.herokuapp.com/

Response code: 201
Response text: {"id":100313,"title":"API Autotest_5","completed":false,"order":null,"url":"/100313"}
Response headers: {'Server': 'Cowboy', 'Report-To': '{"group":"heroku-nel","max_age":3600,"endpoints":[{"url":"https://nel.heroku.com/reports?ts=1703769953&sid=812dcc77-0bd0-43b1-a5f1-b25750382959&s=DeMDomCeh2eR6foufmOgyhzlq2QqvtcUJqhJW6rRI6M%3D"}]}', 'Reporting-Endpoints': 'heroku-nel=https://nel.heroku.com/reports?ts=1703769953&sid=812dcc77-0bd0-43b1-a5f1-b25750382959&s=DeMDomCeh2eR6foufmOgyhzlq2QqvtcUJqhJW6rRI6M%3D', 'Nel': '{"report_to":"heroku-nel","max_age":3600,"success_fraction":0.005,"failure_fraction":0.05,"response_headers":["Via"]}', 'Connection': 'keep-alive', 'Access-Control-Allow-Origin': '*', 'Access-Control-Allow-Headers': 'Content-Type', 'Access-Control-Allow-Methods': 'GET,POST,PATCH,DELETE', 'Content-Type': 'application/json; charset=utf-8', 'Content-Length': '85', 'Date': 'Thu, 28 Dec 2023 13:25:53 GMT', 'Via': '1.1 vegur'}
Response cookies: {}

-----

-----
Test: tests/test_todo_api.py::Test_create_task::test_create_new_task (call)
Time: 2023-12-28 16:25:53.320816
Request method: GET
Request URL: https://todo-app-sky.herokuapp.com/100313

Response code: 200
Response text: {"id":100313,"title":"API Autotest_5","completed":false,"order":null,"url":"/100313"}
Response headers: {'Server': 'Cowboy', 'Report-To': '{"group":"heroku-nel","max_age":3600,"endpoints":[{"url":"https://nel.heroku.com/reports?ts=1703769953&sid=812dcc77-0bd0-43b1-a5f1-b25750382959&s=DeMDomCeh2eR6foufmOgyhzlq2QqvtcUJqhJW6rRI6M%3D"}]}', 'Reporting-Endpoints': 'heroku-nel=https://nel.heroku.com/reports?ts=1703769953&sid=812dcc77-0bd0-43b1-a5f1-b25750382959&s=DeMDomCeh2eR6foufmOgyhzlq2QqvtcUJqhJW6rRI6M%3D', 'Nel': '{"report_to":"heroku-nel","max_age":3600,"success_fraction":0.005,"failure_fraction":0.05,"response_headers":["Via"]}', 'Connection': 'keep-alive', 'Access-Control-Allow-Origin': '*', 'Access-Control-Allow-Headers': 'Content-Type', 'Access-Control-Allow-Methods': 'GET,POST,PATCH,DELETE', 'Content-Type': 'application/json; charset=utf-8', 'Content-Length': '85', 'Date': 'Thu, 28 Dec 2023 13:25:53 GMT', 'Via': '1.1 vegur'}
Response cookies: {}

-----

-----
Test: tests/test_todo_api.py::Test_create_task::test_create_new_task (call)
Time: 2023-12-28 16:25:53.588032
Request method: PATCH
Request URL: https://todo-app-sky.herokuapp.com/100313

Response code: 200
Response text: {"id":100313,"title":"API Autotest_5","completed":true,"order":null,"url":"/100313"}
Response headers: {'Server': 'Cowboy', 'Report-To': '{"group":"heroku-nel","max_age":3600,"endpoints":[{"url":"https://nel.heroku.com/reports?ts=1703769954&sid=812dcc77-0bd0-43b1-a5f1-b25750382959&s=p0vOS74gq19VLydU%2F05dtfveHZ0XQ%2BcM7xyci6WeWV0%3D"}]}', 'Reporting-Endpoints': 'heroku-nel=https://nel.heroku.com/reports?ts=1703769954&sid=812dcc77-0bd0-43b1-a5f1-b25750382959&s=p0vOS74gq19VLydU%2F05dtfveHZ0XQ%2BcM7xyci6WeWV0%3D', 'Nel': '{"report_to":"heroku-nel","max_age":3600,"success_fraction":0.005,"failure_fraction":0.05,"response_headers":["Via"]}', 'Connection': 'keep-alive', 'Access-Control-Allow-Origin': '*', 'Access-Control-Allow-Headers': 'Content-Type', 'Access-Control-Allow-Methods': 'GET,POST,PATCH,DELETE', 'Content-Type': 'application/json; charset=utf-8', 'Content-Length': '84', 'Date': 'Thu, 28 Dec 2023 13:25:54 GMT', 'Via': '1.1 vegur'}
Response cookies: {}

-----

-----
Test: tests/test_todo_api.py::Test_create_task::test_create_new_task (call)
Time: 2023-12-28 16:25:53.865091
Request method: GET
Request URL: https://todo-app-sky.herokuapp.com/100313

Response code: 200
Response text: {"id":100313,"title":"API Autotest_5","completed":true,"order":null,"url":"/100313"}
Response headers: {'Server': 'Cowboy', 'Report-To': '{"group":"heroku-nel","max_age":3600,"endpoints":[{"url":"https://nel.heroku.com/reports?ts=1703769954&sid=812dcc77-0bd0-43b1-a5f1-b25750382959&s=p0vOS74gq19VLydU%2F05dtfveHZ0XQ%2BcM7xyci6WeWV0%3D"}]}', 'Reporting-Endpoints': 'heroku-nel=https://nel.heroku.com/reports?ts=1703769954&sid=812dcc77-0bd0-43b1-a5f1-b25750382959&s=p0vOS74gq19VLydU%2F05dtfveHZ0XQ%2BcM7xyci6WeWV0%3D', 'Nel': '{"report_to":"heroku-nel","max_age":3600,"success_fraction":0.005,"failure_fraction":0.05,"response_headers":["Via"]}', 'Connection': 'keep-alive', 'Access-Control-Allow-Origin': '*', 'Access-Control-Allow-Headers': 'Content-Type', 'Access-Control-Allow-Methods': 'GET,POST,PATCH,DELETE', 'Content-Type': 'application/json; charset=utf-8', 'Content-Length': '84', 'Date': 'Thu, 28 Dec 2023 13:25:54 GMT', 'Via': '1.1 vegur'}
Response cookies: {}

-----

-----
Test: tests/test_todo_api.py::Test_create_task::test_create_new_task (call)
Time: 2023-12-28 16:25:54.122766
Request method: DELETE
Request URL: https://todo-app-sky.herokuapp.com/100313

Response code: 204
Response text: 
Response headers: {'Server': 'Cowboy', 'Report-To': '{"group":"heroku-nel","max_age":3600,"endpoints":[{"url":"https://nel.heroku.com/reports?ts=1703769954&sid=812dcc77-0bd0-43b1-a5f1-b25750382959&s=p0vOS74gq19VLydU%2F05dtfveHZ0XQ%2BcM7xyci6WeWV0%3D"}]}', 'Reporting-Endpoints': 'heroku-nel=https://nel.heroku.com/reports?ts=1703769954&sid=812dcc77-0bd0-43b1-a5f1-b25750382959&s=p0vOS74gq19VLydU%2F05dtfveHZ0XQ%2BcM7xyci6WeWV0%3D', 'Nel': '{"report_to":"heroku-nel","max_age":3600,"success_fraction":0.005,"failure_fraction":0.05,"response_headers":["Via"]}', 'Connection': 'keep-alive', 'Access-Control-Allow-Origin': '*', 'Access-Control-Allow-Headers': 'Content-Type', 'Access-Control-Allow-Methods': 'GET,POST,PATCH,DELETE', 'Content-Type': 'application/json; charset=utf-8', 'Content-Length': '2', 'Date': 'Thu, 28 Dec 2023 13:25:54 GMT', 'Via': '1.1 vegur'}
Response cookies: {}

-----

-----
Test: tests/test_todo_api.py::Test_create_task::test_create_new_task (call)
Time: 2023-12-28 16:25:54.389739
Request method: GET
Request URL: https://todo-app-sky.herokuapp.com/100313

Response code: 404
Response text: {"status":404,"message":"Todo with identifier '100313'' does not exist."}
Response headers: {'Server': 'Cowboy', 'Report-To': '{"group":"heroku-nel","max_age":3600,"endpoints":[{"url":"https://nel.heroku.com/reports?ts=1703769954&sid=812dcc77-0bd0-43b1-a5f1-b25750382959&s=p0vOS74gq19VLydU%2F05dtfveHZ0XQ%2BcM7xyci6WeWV0%3D"}]}', 'Reporting-Endpoints': 'heroku-nel=https://nel.heroku.com/reports?ts=1703769954&sid=812dcc77-0bd0-43b1-a5f1-b25750382959&s=p0vOS74gq19VLydU%2F05dtfveHZ0XQ%2BcM7xyci6WeWV0%3D', 'Nel': '{"report_to":"heroku-nel","max_age":3600,"success_fraction":0.005,"failure_fraction":0.05,"response_headers":["Via"]}', 'Connection': 'keep-alive', 'Access-Control-Allow-Origin': '*', 'Access-Control-Allow-Headers': 'Content-Type', 'Access-Control-Allow-Methods': 'GET,POST,PATCH,DELETE', 'Content-Type': 'application/json; charset=utf-8', 'Content-Length': '73', 'Date': 'Thu, 28 Dec 2023 13:25:54 GMT', 'Via': '1.1 vegur'}
Response cookies: {}

-----
